#
# A fatal error has been detected by the Java Runtime Environment:
#
# java.lang.OutOfMemoryError: requested 32784 bytes for Chunk::new. Out of swap space?
#
#  Internal Error (allocation.cpp:215), pid=4112, tid=4536
#  Error: Chunk::new
#
# JRE version: 6.0_17-b04
# Java VM: Java HotSpot(TM) 64-Bit Server VM (14.3-b01 mixed mode windows-amd64 )
# If you would like to submit a bug report, please visit:
#   http://java.sun.com/webapps/bugreport/crash.jsp
#

---------------  T H R E A D  ---------------

Current thread (0x000000000f1cf000):  JavaThread "CompilerThread1" daemon [_thread_in_native, id=4536, stack(0x0000000037370000,0x0000000038870000)]

Stack: [0x0000000037370000,0x0000000038870000]

Current CompileTask:
C2:3114      java.text.RuleBasedBreakIterator.handleNext()I (160 bytes)


---------------  P R O C E S S  ---------------

Java Threads: ( => current thread )
  0x000000003ecba000 JavaThread "Timer queue for AWT thread" daemon [_thread_blocked, id=6252, stack(0x0000000039ee0000,0x0000000039f60000)]
  0x000000003e43a800 JavaThread "Timer queue for AWT thread" daemon [_thread_blocked, id=6240, stack(0x000000003afe0000,0x000000003b060000)]
  0x000000003e43d800 JavaThread "Foxtrot Multi Worker Thread Runner #1" daemon [_thread_blocked, id=2148, stack(0x000000003b480000,0x000000003b500000)]
  0x000000003e43c000 JavaThread "Timer-204" [_thread_blocked, id=5604, stack(0x000000003b100000,0x000000003b180000)]
  0x000000003e434000 JavaThread "pool-2-thread-1" [_thread_blocked, id=2340, stack(0x000000003af50000,0x000000003afd0000)]
  0x000000003e439800 JavaThread "Code Analyzer updating thread" [_thread_blocked, id=5756, stack(0x0000000046060000,0x00000000460e0000)]
  0x000000003e438800 JavaThread "Code Analyzer updating thread" [_thread_blocked, id=5012, stack(0x0000000045fe0000,0x0000000046060000)]
  0x000000003e438000 JavaThread "Code Analyzer updating thread" [_thread_blocked, id=3440, stack(0x0000000045b10000,0x0000000045b90000)]
  0x000000003e437000 JavaThread "Code Analyzer updating thread" [_thread_blocked, id=5592, stack(0x00000000459d0000,0x0000000045a50000)]
  0x000000003e42f000 JavaThread "Code Analyzer updating thread" [_thread_blocked, id=4116, stack(0x000000002b050000,0x000000002b0d0000)]
  0x000000003e436800 JavaThread "Code Analyzer updating thread" [_thread_blocked, id=1340, stack(0x0000000045e50000,0x0000000045ed0000)]
  0x000000003e435800 JavaThread "Active Reference Queue Daemon" daemon [_thread_blocked, id=3424, stack(0x0000000045dc0000,0x0000000045e40000)]
  0x000000003e435000 JavaThread "Timer-7" daemon [_thread_blocked, id=4616, stack(0x0000000039f70000,0x0000000039ff0000)]
  0x000000003e433000 JavaThread "Timer-5" daemon [_thread_blocked, id=1176, stack(0x0000000045a50000,0x0000000045ad0000)]
  0x000000003e431800 JavaThread "RequestQueue for GenericFileList" [_thread_blocked, id=3488, stack(0x0000000031bb0000,0x0000000031c30000)]
  0x000000003e430800 JavaThread "Prefs Updater" daemon [_thread_blocked, id=5084, stack(0x0000000046870000,0x00000000468f0000)]
  0x000000003e430000 JavaThread "Timer-1" [_thread_blocked, id=5052, stack(0x00000000467d0000,0x0000000046850000)]
  0x000000003e5c7800 JavaThread "FelixPackageAdmin" daemon [_thread_blocked, id=2272, stack(0x0000000030600000,0x0000000030680000)]
  0x000000000f2bd000 JavaThread "FelixStartLevel" daemon [_thread_blocked, id=2900, stack(0x00000000371b0000,0x0000000037230000)]
  0x000000000fd1d800 JavaThread "FelixDispatchQueue" daemon [_thread_blocked, id=1804, stack(0x00000000372d0000,0x0000000037350000)]
  0x000000003e611800 JavaThread "TimerQueue" daemon [_thread_blocked, id=3636, stack(0x000000000ef70000,0x000000000eff0000)]
  0x000000000f2c0000 JavaThread "AWT-EventQueue-0" [_thread_in_Java, id=1924, stack(0x0000000004d70000,0x0000000004df0000)]
  0x000000000f2d5000 JavaThread "AWT-Shutdown" [_thread_blocked, id=2236, stack(0x0000000004df0000,0x0000000004e70000)]
  0x000000000f393800 JavaThread "com.google.common.base.internal.Finalizer" daemon [_thread_blocked, id=2000, stack(0x0000000035bd0000,0x0000000035c50000)]
  0x000000000f21e000 JavaThread "AWT-Windows" daemon [_thread_in_native, id=1572, stack(0x000000000fe50000,0x000000000fed0000)]
  0x000000000f54a000 JavaThread "Java2D Disposer" daemon [_thread_blocked, id=4288, stack(0x000000000ff40000,0x000000000ffc0000)]
  0x000000000f4a3800 JavaThread "Timer-0" [_thread_blocked, id=6120, stack(0x000000000ed80000,0x000000000ee00000)]
  0x000000000f470800 JavaThread "JMI Unnamed Thread" [_thread_in_native, id=2152, stack(0x0000000008960000,0x0000000009e60000)]
  0x000000000f1d5800 JavaThread "Low Memory Detector" daemon [_thread_blocked, id=3612, stack(0x00000000073d0000,0x0000000007450000)]
=>0x000000000f1cf000 JavaThread "CompilerThread1" daemon [_thread_in_native, id=4536, stack(0x0000000037370000,0x0000000038870000)]
  0x000000000f1c8800 JavaThread "CompilerThread0" daemon [_thread_in_native, id=5040, stack(0x0000000035c90000,0x0000000037190000)]
  0x000000000f1c8000 JavaThread "Attach Listener" daemon [_thread_blocked, id=5044, stack(0x000000000ee10000,0x000000000ee90000)]
  0x00000000020ce000 JavaThread "Finalizer" daemon [_thread_blocked, id=1532, stack(0x0000000007200000,0x0000000007280000)]
  0x000000000f16b000 JavaThread "Reference Handler" daemon [_thread_blocked, id=1712, stack(0x000000000cb00000,0x000000000cb80000)]
  0x0000000001e7f800 JavaThread "main" [_thread_in_native, id=5500, stack(0x00000000000c0000,0x00000000015c0000)]

Other Threads:
  0x000000000f165800 VMThread [stack: 0x00000000346d0000,0x0000000035bd0000] [id=4260]
  0x000000000f1ea000 WatcherThread [stack: 0x0000000038930000,0x0000000039e30000] [id=5080]

VM state:not at safepoint (normal execution)

VM Mutex/Monitor currently owned by a thread: None

Heap
 PSYoungGen      total 13632K, used 4140K [0x0000000026760000, 0x0000000027880000, 0x0000000029860000)
  eden space 9920K, 9% used [0x0000000026760000,0x000000002684fd80,0x0000000027110000)
  from space 3712K, 85% used [0x0000000027110000,0x000000002742b358,0x00000000274b0000)
  to   space 3392K, 0% used [0x00000000274b0000,0x00000000274b0000,0x0000000027800000)
 PSOldGen        total 105088K, used 82206K [0x000000001d460000, 0x0000000023b00000, 0x0000000026760000)
  object space 105088K, 78% used [0x000000001d460000,0x00000000224a7b50,0x0000000023b00000)
 PSPermGen       total 87168K, used 68572K [0x0000000015460000, 0x000000001a980000, 0x000000001d460000)
  object space 87168K, 78% used [0x0000000015460000,0x00000000197571b0,0x000000001a980000)

Dynamic libraries:
0x000000013f1e0000 - 0x000000013f209000 	C:\Program Files\MATLAB\R2011a\bin\win64\MATLAB.exe
0x00000000777b0000 - 0x000000007795b000 	C:\Windows\SYSTEM32\ntdll.dll
0x0000000077590000 - 0x00000000776af000 	C:\Windows\system32\kernel32.dll
0x000007fefd9d0000 - 0x000007fefda3b000 	C:\Windows\system32\KERNELBASE.dll
0x0000000074460000 - 0x0000000074569000 	C:\Program Files\MATLAB\R2011a\bin\win64\libut.dll
0x00000000758a0000 - 0x0000000075920000 	C:\Program Files\MATLAB\R2011a\bin\win64\libmwi18n.dll
0x0000000180000000 - 0x000000018000b000 	C:\Program Files\MATLAB\R2011a\bin\win64\libmwresource_core.dll
0x0000000070ab0000 - 0x0000000070b83000 	C:\Windows\WinSxS\amd64_microsoft.vc90.crt_1fc8b3b9a1e18e3b_9.0.30729.4926_none_08e1a05ba83fe554\MSVCP90.dll
0x0000000070b90000 - 0x0000000070c2d000 	C:\Windows\WinSxS\amd64_microsoft.vc90.crt_1fc8b3b9a1e18e3b_9.0.30729.4926_none_08e1a05ba83fe554\MSVCR90.dll
0x000000007a3b0000 - 0x000000007a3c0000 	C:\Program Files\MATLAB\R2011a\bin\win64\boost_date_time-vc90-mt-1_40.dll
0x000000007a170000 - 0x000000007a189000 	C:\Program Files\MATLAB\R2011a\bin\win64\boost_filesystem-vc90-mt-1_40.dll
0x000000007a560000 - 0x000000007a569000 	C:\Program Files\MATLAB\R2011a\bin\win64\boost_system-vc90-mt-1_40.dll
0x000000007a2d0000 - 0x000000007a2e2000 	C:\Program Files\MATLAB\R2011a\bin\win64\boost_thread-vc90-mt-1_40.dll
0x000000007a010000 - 0x000000007a035000 	C:\Program Files\MATLAB\R2011a\bin\win64\LIBEXPAT.dll
0x00000000739d0000 - 0x0000000073b8c000 	C:\Program Files\MATLAB\R2011a\bin\win64\icuin42.dll
0x00000000740b0000 - 0x0000000074223000 	C:\Program Files\MATLAB\R2011a\bin\win64\icuuc42.dll
0x000007fefdcc0000 - 0x000007fefdd9b000 	C:\Windows\system32\ADVAPI32.dll
0x000007feff510000 - 0x000007feff5af000 	C:\Windows\system32\msvcrt.dll
0x000007fefe2b0000 - 0x000007fefe2cf000 	C:\Windows\SYSTEM32\sechost.dll
0x000007fefdda0000 - 0x000007fefdece000 	C:\Windows\system32\RPCRT4.dll
0x0000000010000000 - 0x0000000010f47000 	C:\Program Files\MATLAB\R2011a\bin\win64\icudt42.dll
0x0000000073f70000 - 0x000000007407d000 	C:\Program Files\MATLAB\R2011a\bin\win64\libmwfl.dll
0x0000000001770000 - 0x0000000001803000 	C:\Program Files\MATLAB\R2011a\bin\win64\libmwMATLAB_res.dll
0x000000007a250000 - 0x000000007a263000 	C:\Program Files\MATLAB\R2011a\bin\win64\boost_signals-vc90-mt-1_40.dll
0x0000000001830000 - 0x0000000001876000 	C:\Program Files\MATLAB\R2011a\bin\win64\tbb.dll
0x000007feff610000 - 0x000007feff627000 	C:\Windows\system32\imagehlp.dll
0x0000000077980000 - 0x0000000077987000 	C:\Windows\system32\PSAPI.DLL
0x000000007a3d0000 - 0x000000007a3e3000 	C:\Program Files\MATLAB\R2011a\bin\win64\icuio42.dll
0x000007fef3b70000 - 0x000007fef3c95000 	C:\Windows\system32\dbghelp.dll
0x00000000776b0000 - 0x00000000777aa000 	C:\Windows\system32\USER32.dll
0x000007feff470000 - 0x000007feff4d7000 	C:\Windows\system32\GDI32.dll
0x000007feff5b0000 - 0x000007feff5be000 	C:\Windows\system32\LPK.dll
0x000007feff740000 - 0x000007feff80a000 	C:\Windows\system32\USP10.dll
0x000000007bed0000 - 0x000000007c0f5000 	C:\Program Files\MATLAB\R2011a\bin\win64\libmwservices.dll
0x0000000075a20000 - 0x0000000075ab2000 	C:\Program Files\MATLAB\R2011a\bin\win64\libmx.dll
0x000000007a210000 - 0x000000007a226000 	C:\Program Files\MATLAB\R2011a\bin\win64\zlib1.dll
0x0000000074330000 - 0x000000007444b000 	C:\Program Files\MATLAB\R2011a\bin\win64\libmwmathutil.dll
0x0000000071df0000 - 0x0000000071e44000 	C:\Program Files\MATLAB\R2011a\bin\win64\mpath.dll
0x000000007b680000 - 0x000000007b982000 	C:\Program Files\MATLAB\R2011a\bin\win64\mlutil.dll
0x0000000065660000 - 0x00000000656e2000 	C:\Program Files\MATLAB\R2011a\bin\win64\xmlcore.dll
0x000000007bc30000 - 0x000000007be83000 	C:\Program Files\MATLAB\R2011a\bin\win64\xerces-c_2_7.dll
0x000007fefe2e0000 - 0x000007fefe32d000 	C:\Windows\system32\WS2_32.dll
0x000007fefe2d0000 - 0x000007fefe2d8000 	C:\Windows\system32\NSI.dll
0x000007fefe5b0000 - 0x000007feff336000 	C:\Windows\system32\SHELL32.dll
0x000007fefe530000 - 0x000007fefe5a1000 	C:\Windows\system32\SHLWAPI.dll
0x000007fefd7c0000 - 0x000007fefd860000 	C:\Windows\WinSxS\amd64_microsoft.windows.common-controls_6595b64144ccf1df_5.82.7600.16385_none_a44af8ec57f961cf\COMCTL32.dll
0x000007fefe130000 - 0x000007fefe1c8000 	C:\Windows\system32\COMDLG32.dll
0x000007fef9f00000 - 0x000007fef9f16000 	C:\Windows\system32\NETAPI32.dll
0x000007fef9ef0000 - 0x000007fef9efc000 	C:\Windows\system32\netutils.dll
0x000007fefd220000 - 0x000007fefd243000 	C:\Windows\system32\srvcli.dll
0x000007fef9ed0000 - 0x000007fef9ee5000 	C:\Windows\system32\wkscli.dll
0x000007feff810000 - 0x000007feffa11000 	C:\Windows\system32\ole32.dll
0x000007fefe1d0000 - 0x000007fefe2a7000 	C:\Windows\system32\OLEAUT32.dll
0x0000000074970000 - 0x0000000074a34000 	C:\Program Files\MATLAB\R2011a\bin\win64\mcr.dll
0x0000000075000000 - 0x00000000750e4000 	C:\Program Files\MATLAB\R2011a\bin\win64\iqm.dll
0x0000000063c00000 - 0x000000006439c000 	C:\Program Files\MATLAB\R2011a\bin\win64\m_interpreter.dll
0x0000000071f20000 - 0x0000000071f2f000 	C:\Program Files\MATLAB\R2011a\bin\win64\libmex.dll
0x00000000655b0000 - 0x0000000065654000 	C:\Program Files\MATLAB\R2011a\bin\win64\m_dispatcher.dll
0x0000000074880000 - 0x0000000074945000 	C:\Program Files\MATLAB\R2011a\bin\win64\boost_regex-vc90-mt-1_40.dll
0x0000000065530000 - 0x00000000655af000 	C:\Program Files\MATLAB\R2011a\bin\win64\profiler.dll
0x0000000079f40000 - 0x0000000079f6c000 	C:\Program Files\MATLAB\R2011a\bin\win64\libmwmathrng.dll
0x0000000071ec0000 - 0x0000000071ee0000 	C:\Program Files\MATLAB\R2011a\bin\win64\m_pcodeio.dll
0x0000000079b10000 - 0x0000000079b71000 	C:\Program Files\MATLAB\R2011a\bin\win64\m_ir.dll
0x00000000635c0000 - 0x0000000063bfb000 	C:\Program Files\MATLAB\R2011a\bin\win64\m_parser.dll
0x0000000071ea0000 - 0x0000000071eb9000 	C:\Program Files\MATLAB\R2011a\bin\win64\ir_xfmr.dll
0x0000000063370000 - 0x00000000635bb000 	C:\Program Files\MATLAB\R2011a\bin\win64\mcos.dll
0x0000000071f10000 - 0x0000000071f1c000 	C:\Program Files\MATLAB\R2011a\bin\win64\mtok.dll
0x0000000071dc0000 - 0x0000000071deb000 	C:\Program Files\MATLAB\R2011a\bin\win64\m_pcodegen.dll
0x0000000076160000 - 0x00000000761c2000 	C:\Program Files\MATLAB\R2011a\bin\win64\libmwspmatrix.dll
0x0000000079fb0000 - 0x0000000079fde000 	C:\Program Files\MATLAB\R2011a\bin\win64\libmwbridge.dll
0x0000000065470000 - 0x0000000065529000 	C:\Program Files\MATLAB\R2011a\bin\win64\udd.dll
0x0000000063220000 - 0x0000000063361000 	C:\Program Files\MATLAB\R2011a\bin\win64\libmwgui.dll
0x0000000071da0000 - 0x0000000071db7000 	C:\Program Files\MATLAB\R2011a\bin\win64\graphics_util.dll
0x00000000629a0000 - 0x0000000063220000 	C:\Program Files\MATLAB\R2011a\bin\win64\hg.dll
0x0000000076100000 - 0x000000007614f000 	C:\Program Files\MATLAB\R2011a\bin\win64\libmat.dll
0x0000000072d30000 - 0x0000000072f33000 	C:\Program Files\MATLAB\R2011a\bin\win64\libhdf5.dll
0x0000000062920000 - 0x000000006299b000 	C:\Program Files\MATLAB\R2011a\bin\win64\jmi.dll
0x0000000001a90000 - 0x0000000001a9e000 	C:\Program Files\MATLAB\R2011a\bin\win64\nativejava_services.dll
0x00000000628e0000 - 0x000000006291c000 	C:\Program Files\MATLAB\R2011a\bin\win64\libmwhardcopy.dll
0x0000000062880000 - 0x00000000628d8000 	C:\Program Files\MATLAB\R2011a\bin\win64\libuij.dll
0x0000000062690000 - 0x0000000062873000 	C:\Program Files\MATLAB\R2011a\bin\win64\hgdatatypes.dll
0x00000000625d0000 - 0x000000006268c000 	C:\Program Files\MATLAB\R2011a\bin\win64\hgutils.dll
0x0000000062550000 - 0x00000000625cc000 	C:\Program Files\MATLAB\R2011a\bin\win64\libmwlapack.dll
0x0000000065450000 - 0x0000000065462000 	C:\Program Files\MATLAB\R2011a\bin\win64\libmwbinder.dll
0x0000000071e90000 - 0x0000000071e9b000 	C:\Program Files\MATLAB\R2011a\bin\win64\libmwompwrapper.dll
0x0000000001b20000 - 0x0000000001de4000 	C:\Program Files\MATLAB\R2011a\bin\win64\uiw.dll
0x0000000065440000 - 0x000000006544a000 	C:\Program Files\MATLAB\R2011a\bin\win64\uinone.dll
0x0000000062060000 - 0x0000000062544000 	C:\Windows\WinSxS\amd64_microsoft.vc90.mfc_1fc8b3b9a1e18e3b_9.0.30729.4148_none_04480933ab2137b1\mfc90.dll
0x000007fef9a80000 - 0x000007fef9a87000 	C:\Windows\system32\MSIMG32.dll
0x000007fefc8e0000 - 0x000007fefc950000 	C:\Windows\system32\WINSPOOL.DRV
0x0000000061fb0000 - 0x0000000062059000 	C:\Program Files\MATLAB\R2011a\bin\win64\udd_mi.dll
0x0000000061d70000 - 0x0000000061d8b000 	C:\Program Files\MATLAB\R2011a\bin\win64\mwoles05.DLL
0x0000000061d00000 - 0x0000000061d6e000 	C:\Program Files\MATLAB\R2011a\bin\win64\comcli.dll
0x000000006efd0000 - 0x000000006efff000 	C:\Windows\WinSxS\amd64_microsoft.vc90.atl_1fc8b3b9a1e18e3b_9.0.30729.4148_none_0a1d2fcba76b3f00\ATL90.DLL
0x0000000061ce0000 - 0x0000000061cec000 	C:\Program Files\MATLAB\R2011a\bin\win64\mlautoregister.dll
0x0000000001e50000 - 0x0000000001e5d000 	C:\Program Files\MATLAB\R2011a\bin\win64\boost_iostreams-vc90-mt-1_40.dll
0x000007feff4e0000 - 0x000007feff50e000 	C:\Windows\system32\IMM32.DLL
0x000007feff630000 - 0x000007feff739000 	C:\Windows\system32\MSCTF.dll
0x000007fefd6d0000 - 0x000007fefd710000 	C:\Windows\system32\nvinitx.dll
0x000000000f000000 - 0x000000000f006000 	C:\Program Files\NVIDIA Corporation\CoProcManager\_etoured.dll
0x000007fef9330000 - 0x000007fef9386000 	C:\Program Files\NVIDIA Corporation\CoProcManager\nvd3d9wrapx.dll
0x000007fefdae0000 - 0x000007fefdcb7000 	C:\Windows\system32\SETUPAPI.dll
0x000007fefda80000 - 0x000007fefdab6000 	C:\Windows\system32\CFGMGR32.dll
0x000007fefdac0000 - 0x000007fefdada000 	C:\Windows\system32\DEVOBJ.dll
0x000007fef8e20000 - 0x000007fef8e5d000 	C:\Program Files\NVIDIA Corporation\CoProcManager\nvdxgiwrapx.dll
0x000007fefa5e0000 - 0x000007fefa636000 	C:\Windows\system32\UxTheme.dll
0x000007fefa1b0000 - 0x000007fefa1c8000 	C:\Windows\system32\dwmapi.dll
0x0000000003ff0000 - 0x0000000004049000 	C:\Program Files\TrueSuite\TrueSuite.ClientAppLogon.dll
0x000007fefd710000 - 0x000007fefd71f000 	C:\Windows\system32\profapi.dll
0x0000000002330000 - 0x0000000002359000 	C:\Program Files\MATLAB\R2011a\bin\win64\tbbmalloc.dll
0x000007fef9640000 - 0x000007fef9667000 	C:\Windows\system32\iphlpapi.dll
0x000007fef9620000 - 0x000007fef962b000 	C:\Windows\system32\WINNSI.DLL
0x000007fefcdc0000 - 0x000007fefce1b000 	C:\Windows\system32\DNSAPI.dll
0x000007fef93c0000 - 0x000007fef93d8000 	C:\Windows\system32\dhcpcsvc.DLL
0x000007fef93a0000 - 0x000007fef93b1000 	C:\Windows\system32\dhcpcsvc6.DLL
0x0000000061400000 - 0x0000000061403000 	C:\Windows\system32\icmp.Dll
0x000007fefd600000 - 0x000007fefd60f000 	C:\Windows\system32\CRYPTBASE.dll
0x0000000078870000 - 0x0000000078ecd000 	C:\Program Files\MATLAB\R2011a\sys\java\jre\win64\jre\bin\server\jvm.dll
0x000007fef9860000 - 0x000007fef989b000 	C:\Windows\system32\WINMM.dll
0x000000007a440000 - 0x000000007a44e000 	C:\Program Files\MATLAB\R2011a\sys\java\jre\win64\jre\bin\verify.dll
0x000000007a070000 - 0x000000007a097000 	C:\Program Files\MATLAB\R2011a\sys\java\jre\win64\jre\bin\java.dll
0x000000007a540000 - 0x000000007a54a000 	C:\Program Files\MATLAB\R2011a\sys\java\jre\win64\jre\bin\hpi.dll
0x000000007a370000 - 0x000000007a382000 	C:\Program Files\MATLAB\R2011a\sys\java\jre\win64\jre\bin\zip.dll
0x0000000075b90000 - 0x0000000075bfb000 	C:\Program Files\MATLAB\R2011a\sys\java\jre\win64\jre\bin\fontmanager.dll
0x0000000073150000 - 0x0000000073311000 	C:\Program Files\MATLAB\R2011a\sys\java\jre\win64\jre\bin\awt.dll
0x0000000079cf0000 - 0x0000000079d36000 	C:\Program Files\MATLAB\R2011a\bin\win64\nativejmi.dll
0x000000007a600000 - 0x000000007a608000 	C:\Program Files\MATLAB\R2011a\bin\win64\nativeservices.dll
0x000000007a0d0000 - 0x000000007a0e8000 	C:\Program Files\MATLAB\R2011a\bin\win64\nativejava.dll

VM Arguments:
jvm_args: -Xss512k -XX:PermSize=32m -Xms64m -XX:NewRatio=3 -XX:MaxPermSize=128m -Xmx196m -XX:MaxDirectMemorySize=2147400000 -Dsun.java2d.noddraw=true -Dsun.awt.nopixfmt=true -Xshare:off -Xrs -Dsun.awt.disableMixing=true -Djava.library.path=C:\Program Files\MATLAB\R2011a\bin\win64 vfprintf abort 
java_command: <unknown>
Launcher Type: generic

Environment Variables:
JAVA_HOME=C:\Program Files (x86)\Java\jre6
CLASSPATH=C:\Program Files (x86)\Java\jre6\lib;C:\Program Files\Weka-3-6\lib\WLSVM\lib\libsvm.jar;ibsvm.jar;C:\Users\leonardo\Dropbox\doutorado ufcg\Softwares\wlsvm\WLSVM\lib\wlsvm.jar;
PATH=C:\Program Files\Common Files\Microsoft Shared\Windows Live;C:\Program Files (x86)\Common Files\Microsoft Shared\Windows Live;C:\Program Files (x86)\NVIDIA Corporation\PhysX\Common;C:\Windows\system32;C:\Windows;C:\Windows\System32\Wbem;C:\Windows\System32\WindowsPowerShell\v1.0\;C:\Program Files\TortoiseSVN\bin;C:\Program Files\Microsoft\Web Platform Installer\;C:\Program Files (x86)\Microsoft ASP.NET\ASP.NET Web Pages\v1.0\;C:\Program Files (x86)\Windows Kits\8.0\Windows Performance Toolkit\;C:\Program Files\Microsoft SQL Server\110\Tools\Binn\;C:\Program Files (x86)\Java\jre7\bin;C:\Program Files\MATLAB\R2011a\runtime\win64;C:\Program Files\MATLAB\R2011a\bin;C:\Program Files (x86)\Windows Live\Shared;C:\texlive\2012\bin\win32;C:\Program Files\Java\jre7\bin;C:\Users\leonardo\AppData\Local\Pandoc\;C:\Program Files (x86)\Java\jre6\bin;.;
USERNAME=leonardo
OS=Windows_NT
PROCESSOR_IDENTIFIER=Intel64 Family 6 Model 42 Stepping 7, GenuineIntel



---------------  S Y S T E M  ---------------

OS: Windows 7 Build 7600 

CPU:total 8 (8 cores per cpu, 2 threads per core) family 6 model 42 stepping 7, cmov, cx8, fxsr, mmx, sse, sse2, sse3, ssse3, sse4.1, sse4.2, ht

Memory: 4k page, physical 6238048k(654616k free), swap 24950296k(3884k free)

vm_info: Java HotSpot(TM) 64-Bit Server VM (14.3-b01) for windows-amd64 JRE (1.6.0_17-b04), built on Oct 11 2009 00:46:08 by "java_re" with MS VC++ 8.0

time: Wed Jan 08 17:52:09 2014
elapsed time: 34472 seconds

